# JRE version: Java(TM) SE Runtime Environment (22.0+36) (build 22+36-2370)
# Java VM: Java HotSpot(TM) 64-Bit Server VM (22+36-2370, mixed mode, sharing, tiered, compressed oops, compressed class ptrs, g1 gc, windows-amd64)
GC Precious Log:
 CardTable entry size: 512
 Card Set container configuration: InlinePtr #cards 5 size 8 Array Of Cards #cards 12 size 40 Howl #buckets 4 coarsen threshold 1843 Howl Bitmap #cards 512 size 80 coarsen threshold 460 Card regions per heap region 1 cards per card region 2048
 CPUs: 4 total, 4 available
 Memory: 3550M
 Large Page Support: Disabled
 NUMA Support: Disabled
 Compressed Oops: Enabled (32-bit)
 Heap Region Size: 1M
 Heap Min Capacity: 8M
 Heap Initial Capacity: 56M
 Heap Max Capacity: 888M
 Pre-touch: Disabled
 Parallel Workers: 4
 Concurrent Workers: 1
 Concurrent Refinement Workers: 4
 Periodic GC: Disabled
Heap:
 garbage-first heap   total reserved 909312K, committed 64512K, used 44769K [0x00000000c8800000, 0x0000000100000000)
  region size 1024K, 18 young (18432K), 1 survivors (1024K)
 Metaspace       used 75906K, committed 76736K, reserved 1179648K
  class space    used 9923K, committed 10304K, reserved 1048576K
GC Heap History (20 events):
Event: 757.760 GC heap before
{Heap before GC invocations=68 (full 0):
 garbage-first heap   total reserved 909312K, committed 64512K, used 57321K [0x00000000c8800000, 0x0000000100000000)
  region size 1024K, 29 young (29696K), 1 survivors (1024K)
 Metaspace       used 75875K, committed 76672K, reserved 1179648K
  class space    used 9922K, committed 10304K, reserved 1048576K
}
Event: 757.763 GC heap after
{Heap after GC invocations=69 (full 0):
 garbage-first heap   total reserved 909312K, committed 64512K, used 29701K [0x00000000c8800000, 0x0000000100000000)
  region size 1024K, 1 young (1024K), 1 survivors (1024K)
 Metaspace       used 75875K, committed 76672K, reserved 1179648K
  class space    used 9922K, committed 10304K, reserved 1048576K
}
Event: 758.564 GC heap before
{Heap before GC invocations=69 (full 0):
 garbage-first heap   total reserved 909312K, committed 64512K, used 57349K [0x00000000c8800000, 0x0000000100000000)
  region size 1024K, 29 young (29696K), 1 survivors (1024K)
 Metaspace       used 75875K, committed 76672K, reserved 1179648K
  class space    used 9922K, committed 10304K, reserved 1048576K
}
Event: 758.596 GC heap after
{Heap after GC invocations=70 (full 0):
 garbage-first heap   total reserved 909312K, committed 64512K, used 29484K [0x00000000c8800000, 0x0000000100000000)
  region size 1024K, 1 young (1024K), 1 survivors (1024K)
 Metaspace       used 75875K, committed 76672K, reserved 1179648K
  class space    used 9922K, committed 10304K, reserved 1048576K
}
Event: 759.429 GC heap before
{Heap before GC invocations=70 (full 0):
 garbage-first heap   total reserved 909312K, committed 64512K, used 57132K [0x00000000c8800000, 0x0000000100000000)
  region size 1024K, 29 young (29696K), 1 survivors (1024K)
 Metaspace       used 75875K, committed 76672K, reserved 1179648K
  class space    used 9922K, committed 10304K, reserved 1048576K
}
Event: 759.432 GC heap after
{Heap after GC invocations=71 (full 0):
 garbage-first heap   total reserved 909312K, committed 64512K, used 29523K [0x00000000c8800000, 0x0000000100000000)
  region size 1024K, 1 young (1024K), 1 survivors (1024K)
 Metaspace       used 75875K, committed 76672K, reserved 1179648K
  class space    used 9922K, committed 10304K, reserved 1048576K
}
Event: 760.318 GC heap before
{Heap before GC invocations=72 (full 0):
 garbage-first heap   total reserved 909312K, committed 64512K, used 57171K [0x00000000c8800000, 0x0000000100000000)
  region size 1024K, 29 young (29696K), 1 survivors (1024K)
 Metaspace       used 75875K, committed 76672K, reserved 1179648K
  class space    used 9922K, committed 10304K, reserved 1048576K
}
Event: 760.321 GC heap after
{Heap after GC invocations=73 (full 0):
 garbage-first heap   total reserved 909312K, committed 64512K, used 29541K [0x00000000c8800000, 0x0000000100000000)
  region size 1024K, 1 young (1024K), 1 survivors (1024K)
 Metaspace       used 75875K, committed 76672K, reserved 1179648K
  class space    used 9922K, committed 10304K, reserved 1048576K
}
Event: 761.434 GC heap before
{Heap before GC invocations=73 (full 0):
 garbage-first heap   total reserved 909312K, committed 64512K, used 57189K [0x00000000c8800000, 0x0000000100000000)
  region size 1024K, 29 young (29696K), 1 survivors (1024K)
 Metaspace       used 75897K, committed 76736K, reserved 1179648K
  class space    used 9922K, committed 10304K, reserved 1048576K
}
Event: 761.438 GC heap after
{Heap after GC invocations=74 (full 0):
 garbage-first heap   total reserved 909312K, committed 64512K, used 29523K [0x00000000c8800000, 0x0000000100000000)
  region size 1024K, 1 young (1024K), 1 survivors (1024K)
 Metaspace       used 75897K, committed 76736K, reserved 1179648K
  class space    used 9922K, committed 10304K, reserved 1048576K
}
Event: 762.888 GC heap before
{Heap before GC invocations=75 (full 0):
 garbage-first heap   total reserved 909312K, committed 64512K, used 57171K [0x00000000c8800000, 0x0000000100000000)
  region size 1024K, 29 young (29696K), 1 survivors (1024K)
 Metaspace       used 75897K, committed 76736K, reserved 1179648K
  class space    used 9922K, committed 10304K, reserved 1048576K
}
Event: 762.890 GC heap after
{Heap after GC invocations=76 (full 0):
 garbage-first heap   total reserved 909312K, committed 64512K, used 29523K [0x00000000c8800000, 0x0000000100000000)
  region size 1024K, 1 young (1024K), 1 survivors (1024K)
 Metaspace       used 75897K, committed 76736K, reserved 1179648K
  class space    used 9922K, committed 10304K, reserved 1048576K
}
Event: 765.713 GC heap before
{Heap before GC invocations=76 (full 0):
 garbage-first heap   total reserved 909312K, committed 64512K, used 57171K [0x00000000c8800000, 0x0000000100000000)
  region size 1024K, 29 young (29696K), 1 survivors (1024K)
 Metaspace       used 75897K, committed 76736K, reserved 1179648K
  class space    used 9922K, committed 10304K, reserved 1048576K
}
Event: 765.716 GC heap after
{Heap after GC invocations=77 (full 0):
 garbage-first heap   total reserved 909312K, committed 64512K, used 29464K [0x00000000c8800000, 0x0000000100000000)
  region size 1024K, 1 young (1024K), 1 survivors (1024K)
 Metaspace       used 75897K, committed 76736K, reserved 1179648K
  class space    used 9922K, committed 10304K, reserved 1048576K
}
Event: 769.792 GC heap before
{Heap before GC invocations=78 (full 0):
 garbage-first heap   total reserved 909312K, committed 64512K, used 57112K [0x00000000c8800000, 0x0000000100000000)
  region size 1024K, 29 young (29696K), 1 survivors (1024K)
 Metaspace       used 75897K, committed 76736K, reserved 1179648K
  class space    used 9922K, committed 10304K, reserved 1048576K
}
Event: 769.795 GC heap after
{Heap after GC invocations=79 (full 0):
 garbage-first heap   total reserved 909312K, committed 64512K, used 29418K [0x00000000c8800000, 0x0000000100000000)
  region size 1024K, 1 young (1024K), 1 survivors (1024K)
 Metaspace       used 75897K, committed 76736K, reserved 1179648K
  class space    used 9922K, committed 10304K, reserved 1048576K
}
Event: 772.133 GC heap before
{Heap before GC invocations=79 (full 0):
 garbage-first heap   total reserved 909312K, committed 64512K, used 57066K [0x00000000c8800000, 0x0000000100000000)
  region size 1024K, 29 young (29696K), 1 survivors (1024K)
 Metaspace       used 75899K, committed 76736K, reserved 1179648K
  class space    used 9922K, committed 10304K, reserved 1048576K
}
Event: 772.137 GC heap after
{Heap after GC invocations=80 (full 0):
 garbage-first heap   total reserved 909312K, committed 64512K, used 29420K [0x00000000c8800000, 0x0000000100000000)
  region size 1024K, 1 young (1024K), 1 survivors (1024K)
 Metaspace       used 75899K, committed 76736K, reserved 1179648K
  class space    used 9922K, committed 10304K, reserved 1048576K
}
Event: 789.073 GC heap before
{Heap before GC invocations=81 (full 0):
 garbage-first heap   total reserved 909312K, committed 64512K, used 57068K [0x00000000c8800000, 0x0000000100000000)
  region size 1024K, 29 young (29696K), 1 survivors (1024K)
 Metaspace       used 75906K, committed 76736K, reserved 1179648K
  class space    used 9923K, committed 10304K, reserved 1048576K
}
Event: 789.076 GC heap after
{Heap after GC invocations=82 (full 0):
 garbage-first heap   total reserved 909312K, committed 64512K, used 29409K [0x00000000c8800000, 0x0000000100000000)
  region size 1024K, 1 young (1024K), 1 survivors (1024K)
 Metaspace       used 75906K, committed 76736K, reserved 1179648K
  class space    used 9923K, committed 10304K, reserved 1048576K
}

